<?xml version="1.0" encoding="UTF-8"?>
<!-- Generated by org.testng.reporters.JUnitReportReporter -->
<testsuite hostname="avillegas" failures="0" tests="1" name="basicTest" time="11.239" errors="0" timestamp="2023-12-26T21:02:33 COT" skipped="0">
  <testcase classname="basicTest" name="dropdownTest" time="11.239"/>
  <system-out/>
</testsuite> <!-- basicTest -->
