<?xml version="1.0" encoding="UTF-8"?>
<!-- Generated by org.testng.reporters.JUnitReportReporter -->
<testsuite hostname="avillegas" failures="0" tests="1" name="BasicTest" time="37.159" errors="0" timestamp="2023-12-27T15:24:05 COT" skipped="0">
  <testcase classname="BasicTest" name="dropdownTest" time="37.159"/>
  <system-out/>
</testsuite> <!-- BasicTest -->
